<?xml version="1.0" encoding="UTF-8"?>
<!-- Generated by org.testng.reporters.JUnitXMLReporter -->
<testsuite ignored="0" hostname="DESKTOP-5AF55D2" failures="1" tests="2" name="banking app Test" time="54.317" errors="0" timestamp="2022-11-26T16:51:49 IST">
  <testcase classname="inetbanking_testcases.LoginDDT_002" name="loginDDT" time="19.313"/>
  <testcase classname="inetbanking_testcases.LoginDDT_002" name="loginDDT" time="14.557">
    <failure type="java.lang.AssertionError">
      <![CDATA[java.lang.AssertionError
at org.junit.Assert.fail(Assert.java:86)
at org.junit.Assert.assertTrue(Assert.java:41)
at org.junit.Assert.assertTrue(Assert.java:52)
at inetbanking_testcases.LoginDDT_002.loginDDT(LoginDDT_002.java:60)
at java.base/java.util.ArrayList.forEach(ArrayList.java:1511)
... Removed 27 stack frames]]>
    </failure>
  </testcase> <!-- loginDDT -->
</testsuite> <!-- banking app Test -->
